MANPATH=/gpfs/softs/spack_0.17/opt/spack/linux-centos7-cascadelake/gcc-11.2.0/cmake-3.21.4-7ggmda7wvxddqzhvi5goo7pbwvoy7u4e/man:/gpfs/softs/spack/opt/spack/linux-centos7-haswell/gcc-4.8.5/gcc-11.2.0-mpv3i3uebzvnvz7wxn6ywysd5hftycj3/share/man
XDG_SESSION_ID=24135
HOSTNAME=ruche01.cluster
TERM_PROGRAM=vscode
_ModuleTable003_=MS4yLjAvZ2NjLTQuOC41Iix9LH0sbXBhdGhBPXsiL2dwZnMvc29mdHMvbW9kdWxlcy9tb2R1bGVmaWxlcy9jb21waWxlcnMiLCIvZ3Bmcy9zb2Z0cy9tb2R1bGVzL21vZHVsZWZpbGVzL2RlYnVnZ2Vyc19hbmRfcHJvZmlsZXJzIiwiL2dwZnMvc29mdHMvbW9kdWxlcy9tb2R1bGVmaWxlcy9sYW5ndWFnZXMiLCIvZ3Bmcy9zb2Z0cy9tb2R1bGVzL21vZHVsZWZpbGVzL2xpYnJhcmllcyIsIi9ncGZzL3NvZnRzL21vZHVsZXMvbW9kdWxlZmlsZXMvb3RoZXIiLCIvZ3Bmcy9zb2Z0cy9tb2R1bGVzL21vZHVsZWZpbGVzL3NvZnR3YXJlcyIsIi9ncGZzL3NvZnRzL21vZHVsZXMvbW9kdWxlZmlsZXMvdG9vbHMiLH0sfQ==
INTEL_LICENSE_FILE=28518@ruche-adm01
SHELL=/bin/bash
TERM=xterm-256color
__LMOD_REF_COUNT_MODULEPATH=/gpfs/softs/modules/modulefiles/compilers:1;/gpfs/softs/modules/modulefiles/debuggers_and_profilers:1;/gpfs/softs/modules/modulefiles/languages:1;/gpfs/softs/modules/modulefiles/libraries:1;/gpfs/softs/modules/modulefiles/other:1;/gpfs/softs/modules/modulefiles/softwares:1;/gpfs/softs/modules/modulefiles/tools:1
HISTSIZE=1000
SSH_CLIENT=132.167.204.80 52058 22
LIBRARY_PATH=/gpfs/softs/spack/opt/spack/linux-centos7-haswell/gcc-4.8.5/gcc-11.2.0-mpv3i3uebzvnvz7wxn6ywysd5hftycj3/lib64:/gpfs/softs/spack/opt/spack/linux-centos7-haswell/gcc-4.8.5/gcc-11.2.0-mpv3i3uebzvnvz7wxn6ywysd5hftycj3/lib
CONDA_SHLVL=1
CONDA_PROMPT_MODIFIER=(base) 
TERM_PROGRAM_VERSION=1.68.0
LMOD_PKG=/opt/ohpc/admin/lmod/lmod
QTDIR=/usr/lib64/qt-3.3
QTINC=/usr/lib64/qt-3.3/include
LMOD_VERSION=8.0.6
__LMOD_REF_COUNT_LOADEDMODULES=gcc/11.2.0/gcc-4.8.5:1;cmake/3.21.4/gcc-11.2.0:1;cuda/11.5.0/gcc-11.2.0:1
__LMOD_REF_COUNT_CMAKE_PREFIX_PATH=/gpfs/softs/spack_0.17/opt/spack/linux-centos7-cascadelake/gcc-11.2.0/cuda-11.5.0-kij363kedhc4g7hbpxakhang3ypoxnst:1;/gpfs/softs/spack_0.17/opt/spack/linux-centos7-cascadelake/gcc-11.2.0/cmake-3.21.4-7ggmda7wvxddqzhvi5goo7pbwvoy7u4e:1;/gpfs/softs/spack/opt/spack/linux-centos7-haswell/gcc-4.8.5/gcc-11.2.0-mpv3i3uebzvnvz7wxn6ywysd5hftycj3:1
LC_ALL=fr_FR.UTF-8
QT_GRAPHICSSYSTEM_CHECKED=1
CUDA_HOME=/gpfs/softs/spack_0.17/opt/spack/linux-centos7-cascadelake/gcc-11.2.0/cuda-11.5.0-kij363kedhc4g7hbpxakhang3ypoxnst
USER=anquetilm
LD_LIBRARY_PATH=/gpfs/softs/spack_0.17/opt/spack/linux-centos7-cascadelake/gcc-11.2.0/cuda-11.5.0-kij363kedhc4g7hbpxakhang3ypoxnst/lib64:/gpfs/softs/spack/opt/spack/linux-centos7-haswell/gcc-4.8.5/gcc-11.2.0-mpv3i3uebzvnvz7wxn6ywysd5hftycj3/lib64:/gpfs/softs/spack/opt/spack/linux-centos7-haswell/gcc-4.8.5/gcc-11.2.0-mpv3i3uebzvnvz7wxn6ywysd5hftycj3/lib
LS_COLORS=rs=0:di=38;5;27:ln=38;5;51:mh=44;38;5;15:pi=40;38;5;11:so=38;5;13:do=38;5;5:bd=48;5;232;38;5;11:cd=48;5;232;38;5;3:or=48;5;232;38;5;9:mi=05;48;5;232;38;5;15:su=48;5;196;38;5;15:sg=48;5;11;38;5;16:ca=48;5;196;38;5;226:tw=48;5;10;38;5;16:ow=48;5;10;38;5;21:st=48;5;21;38;5;15:ex=38;5;34:*.tar=38;5;9:*.tgz=38;5;9:*.arc=38;5;9:*.arj=38;5;9:*.taz=38;5;9:*.lha=38;5;9:*.lz4=38;5;9:*.lzh=38;5;9:*.lzma=38;5;9:*.tlz=38;5;9:*.txz=38;5;9:*.tzo=38;5;9:*.t7z=38;5;9:*.zip=38;5;9:*.z=38;5;9:*.Z=38;5;9:*.dz=38;5;9:*.gz=38;5;9:*.lrz=38;5;9:*.lz=38;5;9:*.lzo=38;5;9:*.xz=38;5;9:*.bz2=38;5;9:*.bz=38;5;9:*.tbz=38;5;9:*.tbz2=38;5;9:*.tz=38;5;9:*.deb=38;5;9:*.rpm=38;5;9:*.jar=38;5;9:*.war=38;5;9:*.ear=38;5;9:*.sar=38;5;9:*.rar=38;5;9:*.alz=38;5;9:*.ace=38;5;9:*.zoo=38;5;9:*.cpio=38;5;9:*.7z=38;5;9:*.rz=38;5;9:*.cab=38;5;9:*.jpg=38;5;13:*.jpeg=38;5;13:*.gif=38;5;13:*.bmp=38;5;13:*.pbm=38;5;13:*.pgm=38;5;13:*.ppm=38;5;13:*.tga=38;5;13:*.xbm=38;5;13:*.xpm=38;5;13:*.tif=38;5;13:*.tiff=38;5;13:*.png=38;5;13:*.svg=38;5;13:*.svgz=38;5;13:*.mng=38;5;13:*.pcx=38;5;13:*.mov=38;5;13:*.mpg=38;5;13:*.mpeg=38;5;13:*.m2v=38;5;13:*.mkv=38;5;13:*.webm=38;5;13:*.ogm=38;5;13:*.mp4=38;5;13:*.m4v=38;5;13:*.mp4v=38;5;13:*.vob=38;5;13:*.qt=38;5;13:*.nuv=38;5;13:*.wmv=38;5;13:*.asf=38;5;13:*.rm=38;5;13:*.rmvb=38;5;13:*.flc=38;5;13:*.avi=38;5;13:*.fli=38;5;13:*.flv=38;5;13:*.gl=38;5;13:*.dl=38;5;13:*.xcf=38;5;13:*.xwd=38;5;13:*.yuv=38;5;13:*.cgm=38;5;13:*.emf=38;5;13:*.axv=38;5;13:*.anx=38;5;13:*.ogv=38;5;13:*.ogx=38;5;13:*.aac=38;5;45:*.au=38;5;45:*.flac=38;5;45:*.mid=38;5;45:*.midi=38;5;45:*.mka=38;5;45:*.mp3=38;5;45:*.mpc=38;5;45:*.ogg=38;5;45:*.ra=38;5;45:*.wav=38;5;45:*.axa=38;5;45:*.oga=38;5;45:*.spx=38;5;45:*.xspf=38;5;45:
CONDA_EXE=/gpfs/softs/spack/opt/spack/linux-centos7-cascadelake/gcc-9.2.0/anaconda3-2021.05-iqwuixltaz4o4tspbuo2fgpqpsdsj74q/bin/conda
WORKDIR=/gpfs/workdir/anquetilm
CPATH=/gpfs/softs/spack/opt/spack/linux-centos7-haswell/gcc-4.8.5/gcc-11.2.0-mpv3i3uebzvnvz7wxn6ywysd5hftycj3/include
__LMOD_REF_COUNT__LMFILES_=/gpfs/softs/modules/modulefiles/compilers/gcc/11.2.0/gcc-4.8.5:1;/gpfs/softs/modules/modulefiles/tools/cmake/3.21.4/gcc-11.2.0:1;/gpfs/softs/modules/modulefiles/libraries/cuda/11.5.0/gcc-11.2.0:1
LMOD_IGNORE_CACHE=1
LMOD_PREPEND_BLOCK=normal
_CE_CONDA=
_ModuleTable001_=X01vZHVsZVRhYmxlXz17WyJNVHZlcnNpb24iXT0zLFsiY19yZWJ1aWxkVGltZSJdPWZhbHNlLFsiY19zaG9ydFRpbWUiXT1mYWxzZSxkZXB0aFQ9e30sZmFtaWx5PXt9LG1UPXtbImNtYWtlLzMuMjEuNCJdPXtbImZuIl09Ii9ncGZzL3NvZnRzL21vZHVsZXMvbW9kdWxlZmlsZXMvdG9vbHMvY21ha2UvMy4yMS40L2djYy0xMS4yLjAiLFsiZnVsbE5hbWUiXT0iY21ha2UvMy4yMS40L2djYy0xMS4yLjAiLFsibG9hZE9yZGVyIl09Mixwcm9wVD17fSxbInN0YWNrRGVwdGgiXT0wLFsic3RhdHVzIl09ImFjdGl2ZSIsWyJ1c2VyTmFtZSJdPSJjbWFrZS8zLjIxLjQvZ2NjLTExLjIuMCIsfSxbImN1ZGEvMTEuNS4wIl09e1siZm4iXT0iL2dwZnMvc29mdHMvbW9kdWxlcy9tb2R1bGVm
MAIL=/var/spool/mail/anquetilm
PATH=/gpfs/softs/spack_0.17/opt/spack/linux-centos7-cascadelake/gcc-11.2.0/cuda-11.5.0-kij363kedhc4g7hbpxakhang3ypoxnst/bin:/gpfs/softs/spack_0.17/opt/spack/linux-centos7-cascadelake/gcc-11.2.0/cmake-3.21.4-7ggmda7wvxddqzhvi5goo7pbwvoy7u4e/bin:/gpfs/softs/spack/opt/spack/linux-centos7-haswell/gcc-4.8.5/gcc-11.2.0-mpv3i3uebzvnvz7wxn6ywysd5hftycj3/bin:/gpfs/softs/spack/opt/spack/linux-centos7-cascadelake/gcc-9.2.0/anaconda3-2021.05-iqwuixltaz4o4tspbuo2fgpqpsdsj74q/bin:/gpfs/softs/opt/bin:/usr/lpp/mmfs/bin:/gpfs/users/anquetilm/.vscode-server/bin/4af164ea3a06f701fe3e89a2bcbb421d2026b68f/bin/remote-cli:/gpfs/softs/spack/opt/spack/linux-centos7-cascadelake/gcc-9.2.0/anaconda3-2021.05-iqwuixltaz4o4tspbuo2fgpqpsdsj74q/condabin:/usr/lib64/qt-3.3/bin:/usr/local/bin:/usr/bin:/usr/local/sbin:/usr/sbin:/gpfs/users/anquetilm/.local/bin:/gpfs/users/anquetilm/bin
CONDA_PREFIX=/gpfs/softs/spack/opt/spack/linux-centos7-cascadelake/gcc-9.2.0/anaconda3-2021.05-iqwuixltaz4o4tspbuo2fgpqpsdsj74q
LMOD_SETTARG_CMD=:
PWD=/gpfs/users/anquetilm/kokkos_game_of_life/kokkos_game_of_life/build
_LMFILES_=/gpfs/softs/modules/modulefiles/compilers/gcc/11.2.0/gcc-4.8.5:/gpfs/softs/modules/modulefiles/tools/cmake/3.21.4/gcc-11.2.0:/gpfs/softs/modules/modulefiles/libraries/cuda/11.5.0/gcc-11.2.0
LANG=fr_FR.UTF-8
MODULEPATH=/gpfs/softs/modules/modulefiles/compilers:/gpfs/softs/modules/modulefiles/debuggers_and_profilers:/gpfs/softs/modules/modulefiles/languages:/gpfs/softs/modules/modulefiles/libraries:/gpfs/softs/modules/modulefiles/other:/gpfs/softs/modules/modulefiles/softwares:/gpfs/softs/modules/modulefiles/tools
LOADEDMODULES=gcc/11.2.0/gcc-4.8.5:cmake/3.21.4/gcc-11.2.0:cuda/11.5.0/gcc-11.2.0
_ModuleTable_Sz_=3
VSCODE_GIT_ASKPASS_EXTRA_ARGS=
F77=/gpfs/softs/spack/opt/spack/linux-centos7-haswell/gcc-4.8.5/gcc-11.2.0-mpv3i3uebzvnvz7wxn6ywysd5hftycj3/bin/gfortran
LMOD_CMD=/opt/ohpc/admin/lmod/lmod/libexec/lmod
LM_LICENSE_FILE=27000@ruche-adm01
CXX=/gpfs/softs/spack/opt/spack/linux-centos7-haswell/gcc-4.8.5/gcc-11.2.0-mpv3i3uebzvnvz7wxn6ywysd5hftycj3/bin/g++
HISTCONTROL=ignoredups
_CE_M=
SHLVL=5
HOME=/gpfs/users/anquetilm
VSCODE_GIT_ASKPASS_MAIN=/gpfs/users/anquetilm/.vscode-server/bin/4af164ea3a06f701fe3e89a2bcbb421d2026b68f/extensions/git/dist/askpass-main.js
__LMOD_REF_COUNT_PATH=/gpfs/softs/spack_0.17/opt/spack/linux-centos7-cascadelake/gcc-11.2.0/cuda-11.5.0-kij363kedhc4g7hbpxakhang3ypoxnst/bin:1;/gpfs/softs/spack_0.17/opt/spack/linux-centos7-cascadelake/gcc-11.2.0/cmake-3.21.4-7ggmda7wvxddqzhvi5goo7pbwvoy7u4e/bin:1;/gpfs/softs/spack/opt/spack/linux-centos7-haswell/gcc-4.8.5/gcc-11.2.0-mpv3i3uebzvnvz7wxn6ywysd5hftycj3/bin:1;/gpfs/softs/spack/opt/spack/linux-centos7-cascadelake/gcc-9.2.0/anaconda3-2021.05-iqwuixltaz4o4tspbuo2fgpqpsdsj74q/bin:1;/gpfs/softs/opt/bin:2;/usr/lpp/mmfs/bin:2;/gpfs/users/anquetilm/.vscode-server/bin/4af164ea3a06f701fe3e89a2bcbb421d2026b68f/bin/remote-cli:1;/gpfs/softs/spack/opt/spack/linux-centos7-cascadelake/gcc-9.2.0/anaconda3-2021.05-iqwuixltaz4o4tspbuo2fgpqpsdsj74q/condabin:1;/usr/lib64/qt-3.3/bin:1;/usr/local/bin:1;/usr/bin:1;/usr/local/sbin:1;/usr/sbin:1;/gpfs/users/anquetilm/.local/bin:1;/gpfs/users/anquetilm/bin:1
__LMOD_REF_COUNT_CPATH=/gpfs/softs/spack/opt/spack/linux-centos7-haswell/gcc-4.8.5/gcc-11.2.0-mpv3i3uebzvnvz7wxn6ywysd5hftycj3/include:1
_ModuleTable002_=aWxlcy9saWJyYXJpZXMvY3VkYS8xMS41LjAvZ2NjLTExLjIuMCIsWyJmdWxsTmFtZSJdPSJjdWRhLzExLjUuMC9nY2MtMTEuMi4wIixbImxvYWRPcmRlciJdPTMscHJvcFQ9e30sWyJzdGFja0RlcHRoIl09MCxbInN0YXR1cyJdPSJhY3RpdmUiLFsidXNlck5hbWUiXT0iY3VkYS8xMS41LjAvZ2NjLTExLjIuMCIsfSxbImdjYy8xMS4yLjAiXT17WyJmbiJdPSIvZ3Bmcy9zb2Z0cy9tb2R1bGVzL21vZHVsZWZpbGVzL2NvbXBpbGVycy9nY2MvMTEuMi4wL2djYy00LjguNSIsWyJmdWxsTmFtZSJdPSJnY2MvMTEuMi4wL2djYy00LjguNSIsWyJsb2FkT3JkZXIiXT0xLHByb3BUPXt9LFsic3RhY2tEZXB0aCJdPTAsWyJzdGF0dXMiXT0iYWN0aXZlIixbInVzZXJOYW1lIl09ImdjYy8x
FC=/gpfs/softs/spack/opt/spack/linux-centos7-haswell/gcc-4.8.5/gcc-11.2.0-mpv3i3uebzvnvz7wxn6ywysd5hftycj3/bin/gfortran
BASH_ENV=/opt/ohpc/admin/lmod/lmod/init/bash
CONDA_PYTHON_EXE=/gpfs/softs/spack/opt/spack/linux-centos7-cascadelake/gcc-9.2.0/anaconda3-2021.05-iqwuixltaz4o4tspbuo2fgpqpsdsj74q/bin/python
LOGNAME=anquetilm
QTLIB=/usr/lib64/qt-3.3/lib
SSH_CONNECTION=132.167.204.80 52058 129.175.109.6 22
VSCODE_GIT_IPC_HANDLE=/run/user/1905/vscode-git-9a3d782c5c.sock
__LMOD_REF_COUNT_ACLOCAL_PATH=/gpfs/softs/spack_0.17/opt/spack/linux-centos7-cascadelake/gcc-11.2.0/cmake-3.21.4-7ggmda7wvxddqzhvi5goo7pbwvoy7u4e/share/aclocal:1
__LMOD_REF_COUNT_LIBRARY_PATH=/gpfs/softs/spack/opt/spack/linux-centos7-haswell/gcc-4.8.5/gcc-11.2.0-mpv3i3uebzvnvz7wxn6ywysd5hftycj3/lib64:1;/gpfs/softs/spack/opt/spack/linux-centos7-haswell/gcc-4.8.5/gcc-11.2.0-mpv3i3uebzvnvz7wxn6ywysd5hftycj3/lib:1
MODULESHOME=/opt/ohpc/admin/lmod/lmod
VSCODE_IPC_HOOK_CLI=/run/user/1905/vscode-ipc-a14cb598-a561-41c3-a241-dc26d78acb22.sock
__LMOD_REF_COUNT_LD_LIBRARY_PATH=/gpfs/softs/spack_0.17/opt/spack/linux-centos7-cascadelake/gcc-11.2.0/cuda-11.5.0-kij363kedhc4g7hbpxakhang3ypoxnst/lib64:1;/gpfs/softs/spack/opt/spack/linux-centos7-haswell/gcc-4.8.5/gcc-11.2.0-mpv3i3uebzvnvz7wxn6ywysd5hftycj3/lib64:1;/gpfs/softs/spack/opt/spack/linux-centos7-haswell/gcc-4.8.5/gcc-11.2.0-mpv3i3uebzvnvz7wxn6ywysd5hftycj3/lib:1
CONDA_DEFAULT_ENV=base
LMOD_SETTARG_FULL_SUPPORT=no
LESSOPEN=||/usr/bin/lesspipe.sh %s
BROWSER=/gpfs/users/anquetilm/.vscode-server/bin/4af164ea3a06f701fe3e89a2bcbb421d2026b68f/bin/helpers/browser.sh
ACLOCAL_PATH=/gpfs/softs/spack_0.17/opt/spack/linux-centos7-cascadelake/gcc-11.2.0/cmake-3.21.4-7ggmda7wvxddqzhvi5goo7pbwvoy7u4e/share/aclocal
LMOD_FULL_SETTARG_SUPPORT=no
VSCODE_GIT_ASKPASS_NODE=/gpfs/users/anquetilm/.vscode-server/bin/4af164ea3a06f701fe3e89a2bcbb421d2026b68f/node
GIT_ASKPASS=/gpfs/users/anquetilm/.vscode-server/bin/4af164ea3a06f701fe3e89a2bcbb421d2026b68f/extensions/git/dist/askpass.sh
CMAKE_PREFIX_PATH=/gpfs/softs/spack_0.17/opt/spack/linux-centos7-cascadelake/gcc-11.2.0/cuda-11.5.0-kij363kedhc4g7hbpxakhang3ypoxnst:/gpfs/softs/spack_0.17/opt/spack/linux-centos7-cascadelake/gcc-11.2.0/cmake-3.21.4-7ggmda7wvxddqzhvi5goo7pbwvoy7u4e:/gpfs/softs/spack/opt/spack/linux-centos7-haswell/gcc-4.8.5/gcc-11.2.0-mpv3i3uebzvnvz7wxn6ywysd5hftycj3
CC=/gpfs/softs/spack/opt/spack/linux-centos7-haswell/gcc-4.8.5/gcc-11.2.0-mpv3i3uebzvnvz7wxn6ywysd5hftycj3/bin/gcc
XDG_RUNTIME_DIR=/run/user/1905
__LMOD_REF_COUNT_MANPATH=/gpfs/softs/spack_0.17/opt/spack/linux-centos7-cascadelake/gcc-11.2.0/cmake-3.21.4-7ggmda7wvxddqzhvi5goo7pbwvoy7u4e/man:1;/gpfs/softs/spack/opt/spack/linux-centos7-haswell/gcc-4.8.5/gcc-11.2.0-mpv3i3uebzvnvz7wxn6ywysd5hftycj3/share/man:1
LMOD_DIR=/opt/ohpc/admin/lmod/lmod/libexec
LMOD_EXACT_MATCH=1
LMOD_COLORIZE=no
COLORTERM=truecolor
BASH_FUNC_module()=() {  eval $($LMOD_CMD bash "$@") && eval $(${LMOD_SETTARG_CMD:-:} -s sh)
}
BASH_FUNC_ml()=() {  eval $($LMOD_DIR/ml_cmd "$@")
}
_=/usr/bin/env
